<?xml version="1.0" encoding="UTF-8"?>
<testsuite xmlns:xsi="http://www.w3.org/2001/XMLSchema-instance" xsi:noNamespaceSchemaLocation="https://maven.apache.org/surefire/maven-surefire-plugin/xsd/surefire-test-report.xsd" name="com.boot.fullprojectspringreact.EmailValidatorTest" time="0.039" tests="3" errors="0" skipped="0" failures="0">
  <properties>
[...]
</properties>
  <testcase name="itShouldValidateAnIncorrectEmail" classname="com.boot.fullprojectspringreact.EmailValidatorTest" time="0.037"/>
  <testcase name="itShouldValidateCorrectEmail" classname="com.boot.fullprojectspringreact.EmailValidatorTest" time="0"/>
  <testcase name="itShouldValidateAnIncorrectEmailWithoutDotAtEnd" classname="com.boot.fullprojectspringreact.EmailValidatorTest" time="0"/>
</testsuite>